2022-07-26 17:08:50,825 INFO SampleTest [main] Драйвер стартовал!
2022-07-26 17:08:58,846 INFO SampleTest [main] Открыта страница Yandex - https://yandex.ru/
2022-07-26 17:08:59,097 INFO SampleTest [main] Драйвер остановлен!
2022-07-26 18:06:53,884 INFO SampleTest [main] env = chrome
2022-07-26 18:06:55,181 INFO WebDriverFactory [main] Драйвер для Google Chrome
2022-07-26 18:06:56,857 INFO SampleTest [main] Драйвер стартовал!
2022-07-26 18:06:56,884 INFO SampleTest [main] title - 
2022-07-26 18:06:57,731 INFO SampleTest [main] Драйвер остановлен!
2022-07-26 18:09:27,291 INFO SampleTest [main] env = chrome
2022-07-26 18:09:27,885 INFO WebDriverFactory [main] Драйвер для Google Chrome
2022-07-26 18:09:29,437 INFO SampleTest [main] Драйвер стартовал!
2022-07-26 18:09:29,446 INFO SampleTest [main] title - 
2022-07-26 18:09:29,928 INFO SampleTest [main] Драйвер остановлен!
2022-07-26 18:12:23,682 INFO SampleTest [main] env = chrome
2022-07-26 18:12:24,229 INFO WebDriverFactory [main] Драйвер для Google Chrome
2022-07-26 18:12:25,619 INFO SampleTest [main] Драйвер стартовал!
2022-07-26 18:12:31,645 INFO SampleTest [main] Открыта страница Yandex - https://yandex.ru/
2022-07-26 18:12:31,739 INFO SampleTest [main] title - Яндекс
2022-07-26 18:12:33,823 INFO SampleTest [main] Драйвер остановлен!
2022-07-26 18:14:30,596 INFO SampleTest [main] env = chrome
2022-07-26 18:14:31,111 INFO WebDriverFactory [main] Драйвер для Google Chrome
2022-07-26 18:14:33,411 INFO SampleTest [main] Драйвер стартовал!
2022-07-26 18:14:39,203 INFO SampleTest [main] Открыта страница Yandex - https://yandex.ru/
2022-07-26 18:14:39,339 INFO SampleTest [main] title - Яндекс
2022-07-26 18:14:39,346 INFO SampleTest [main] current URL - https://yandex.ru/
2022-07-26 18:14:40,512 INFO SampleTest [main] Драйвер остановлен!
2022-07-26 18:16:27,874 INFO SampleTest [main] env = chrome
2022-07-26 18:16:28,405 INFO WebDriverFactory [main] Драйвер для Google Chrome
2022-07-26 18:16:30,251 INFO SampleTest [main] Драйвер стартовал!
2022-07-26 18:16:35,977 INFO SampleTest [main] Открыта страница Yandex - https://yandex.ru/
2022-07-26 18:16:36,120 INFO SampleTest [main] title - Яндекс
2022-07-26 18:16:36,140 INFO SampleTest [main] current URL - https://yandex.ru/
2022-07-26 18:16:47,637 INFO SampleTest [main] Драйвер остановлен!
2022-07-26 18:16:56,864 INFO SampleTest [main] env = chrome
2022-07-26 18:16:57,489 INFO WebDriverFactory [main] Драйвер для Google Chrome
2022-07-26 18:16:59,410 INFO SampleTest [main] Драйвер стартовал!
2022-07-26 18:17:04,465 INFO SampleTest [main] Открыта страница Yandex - https://yandex.ru/
2022-07-26 18:17:04,762 INFO SampleTest [main] title - Яндекс
2022-07-26 18:17:04,769 INFO SampleTest [main] current URL - https://yandex.ru/
2022-07-26 18:17:12,321 INFO SampleTest [main] env = chrome
2022-07-26 18:17:12,853 INFO WebDriverFactory [main] Драйвер для Google Chrome
2022-07-26 18:17:14,123 INFO SampleTest [main] Драйвер стартовал!
2022-07-26 18:17:15,962 INFO SampleTest [main] Драйвер остановлен!
2022-07-26 18:17:22,797 INFO SampleTest [main] Открыта страница Yandex - https://yandex.ru/
2022-07-26 18:17:22,805 INFO SampleTest [main] title - Яндекс
2022-07-26 18:17:22,811 INFO SampleTest [main] current URL - https://yandex.ru/
2022-07-26 18:17:34,078 INFO SampleTest [main] Драйвер остановлен!
2022-07-26 21:27:59,738 INFO HW01 [main] Драйвер запущен!
2022-07-26 21:28:12,328 INFO HW01 [main] Драйвер стартовал
2022-07-26 21:28:12,660 INFO HW01 [main] Драйвер завершил работу!
2022-07-27 21:57:33,358 INFO HW01 [main] Драйвер запущен!
2022-07-27 21:57:44,194 INFO HW01 [main] Драйвер стартовал
2022-07-27 21:57:44,215 INFO HW01 [main] DNS – интернет магазин цифровой и бытовой техники по доступным ценам.
2022-07-27 21:57:44,222 INFO HW01 [main] https://www.dns-shop.ru/
2022-07-27 21:57:46,495 INFO HW01 [main] 0
2022-07-27 21:57:46,865 INFO HW01 [main] Драйвер завершил работу!
2022-07-27 22:00:43,153 INFO HW01 [main] Драйвер запущен!
2022-07-27 22:01:01,842 INFO HW01 [main] Драйвер стартовал
2022-07-27 22:01:01,850 INFO HW01 [main] DNS – интернет магазин цифровой и бытовой техники по доступным ценам.
2022-07-27 22:01:01,882 INFO HW01 [main] https://www.dns-shop.ru/
2022-07-27 22:01:10,277 INFO HW01 [main] [[ChromeDriver: chrome on WINDOWS (2d30e760bddb0d45a7b826f37e63a56d)] -> xpath: /html/body/div[1]/div[1]/div[2]/a[1]/div[1]/span]
2022-07-27 22:01:10,659 INFO HW01 [main] Драйвер завершил работу!
2022-07-27 22:02:19,686 INFO HW01 [main] Драйвер запущен!
2022-07-27 22:02:27,810 INFO HW01 [main] Драйвер стартовал
2022-07-27 22:02:27,819 INFO HW01 [main] DNS – интернет магазин цифровой и бытовой техники по доступным ценам.
2022-07-27 22:02:27,826 INFO HW01 [main] https://www.dns-shop.ru/
2022-07-27 22:02:28,188 INFO HW01 [main] Драйвер завершил работу!
2022-07-27 23:56:37,715 INFO HW01 [main] Драйвер запущен!
2022-07-27 23:56:48,539 INFO HW01 [main] Драйвер стартовал
2022-07-27 23:56:48,589 INFO HW01 [main] DNS – интернет магазин цифровой и бытовой техники по доступным ценам.
2022-07-27 23:56:48,594 INFO HW01 [main] https://www.dns-shop.ru/
2022-07-27 23:56:50,958 INFO HW01 [main] Техника для кухни
2022-07-27 23:56:50,978 INFO HW01 [main] Техника для дома
2022-07-27 23:56:50,993 INFO HW01 [main] Красота и здоровье
2022-07-27 23:56:51,399 INFO HW01 [main] Драйвер завершил работу!
2022-07-27 23:58:55,984 INFO HW01 [main] Драйвер запущен!
2022-07-27 23:59:05,673 INFO HW01 [main] Драйвер стартовал
2022-07-27 23:59:05,681 INFO HW01 [main] DNS – интернет магазин цифровой и бытовой техники по доступным ценам.
2022-07-27 23:59:05,691 INFO HW01 [main] https://www.dns-shop.ru/
2022-07-27 23:59:07,927 INFO HW01 [main] Текущая категория - Техника для кухни
2022-07-27 23:59:07,943 INFO HW01 [main] Текущая категория - Техника для дома
2022-07-27 23:59:07,959 INFO HW01 [main] Текущая категория - Красота и здоровье
2022-07-27 23:59:08,309 INFO HW01 [main] Драйвер завершил работу!
2022-07-28 18:31:53,559 INFO HW01 [main] Запущен chrome
2022-07-28 18:31:55,019 INFO WebDriverFactory2 [main] Драйвер для Google Chrome
2022-07-28 18:32:02,203 INFO HW01 [main] Драйвер запущен!
2022-07-28 18:32:15,381 INFO HW01 [main] Драйвер стартовал
2022-07-28 18:32:15,445 INFO HW01 [main] DNS – интернет магазин цифровой и бытовой техники по доступным ценам.
2022-07-28 18:32:15,486 INFO HW01 [main] https://www.dns-shop.ru/
2022-07-28 18:32:18,110 INFO HW01 [main] Текущая категория - Техника для кухни
2022-07-28 18:32:18,132 INFO HW01 [main] Текущая категория - Техника для дома
2022-07-28 18:32:18,147 INFO HW01 [main] Текущая категория - Красота и здоровье
2022-07-28 18:32:18,594 INFO HW01 [main] Драйвер завершил работу!
2022-07-29 00:03:16,227 INFO CookieTest [main] env = chrome
2022-07-29 00:03:17,887 INFO WebDriverFactory2 [main] Драйвер для Google Chrome
2022-07-29 00:03:19,928 INFO CookieTest [main] ??????? ?????????
2022-07-29 00:03:32,725 INFO CookieTest [main] ??????? ?????????
2022-07-29 00:03:32,878 INFO CookieTest [main] DNS – интернет магазин цифровой и бытовой техники по доступным ценам.
2022-07-29 00:03:32,919 INFO CookieTest [main] https://www.dns-shop.ru/
2022-07-29 00:03:35,644 INFO CookieTest [main] ??????? ????????? - Техника для кухни
2022-07-29 00:03:35,694 INFO CookieTest [main] ??????? ????????? - Техника для дома
2022-07-29 00:03:35,711 INFO CookieTest [main] ??????? ????????? - Красота и здоровье
2022-07-29 00:03:36,455 INFO CookieTest [main] ??????? ??????????
2022-07-29 00:10:12,991 INFO CookieTest [main] env = chrome
2022-07-29 00:10:13,524 INFO WebDriverFactory2 [main] Р”СЂР°Р№РІРµСЂ РґР»СЏ Google Chrome
2022-07-29 00:10:15,717 INFO CookieTest [main] пїЅпїЅпїЅпїЅпїЅпїЅпїЅ пїЅпїЅпїЅпїЅпїЅпїЅпїЅпїЅпїЅ
2022-07-29 00:10:24,921 INFO CookieTest [main] Browser Window Height: 876
2022-07-29 00:10:24,939 INFO CookieTest [main] Browser Window Width: 1616
2022-07-29 00:10:34,940 INFO CookieTest [main] пїЅпїЅпїЅпїЅпїЅпїЅпїЅ пїЅпїЅпїЅпїЅпїЅпїЅпїЅпїЅпїЅ
2022-07-29 00:10:34,947 INFO CookieTest [main] DNS вЂ“ РёРЅС‚РµСЂРЅРµС‚ РјР°РіР°Р·РёРЅ С†РёС„СЂРѕРІРѕР№ Рё Р±С‹С‚РѕРІРѕР№ С‚РµС…РЅРёРєРё РїРѕ РґРѕСЃС‚СѓРїРЅС‹Рј С†РµРЅР°Рј.
2022-07-29 00:10:34,947 INFO CookieTest [main] https://www.dns-shop.ru/
2022-07-29 00:10:38,929 INFO CookieTest [main] пїЅпїЅпїЅпїЅпїЅпїЅпїЅ пїЅпїЅпїЅпїЅпїЅпїЅпїЅпїЅпїЅ - РўРµС…РЅРёРєР° РґР»СЏ РєСѓС…РЅРё
2022-07-29 00:10:38,943 INFO CookieTest [main] пїЅпїЅпїЅпїЅпїЅпїЅпїЅ пїЅпїЅпїЅпїЅпїЅпїЅпїЅпїЅпїЅ - РўРµС…РЅРёРєР° РґР»СЏ РґРѕРјР°
2022-07-29 00:10:38,958 INFO CookieTest [main] пїЅпїЅпїЅпїЅпїЅпїЅпїЅ пїЅпїЅпїЅпїЅпїЅпїЅпїЅпїЅпїЅ - РљСЂР°СЃРѕС‚Р° Рё Р·РґРѕСЂРѕРІСЊРµ
2022-07-29 00:10:39,574 INFO CookieTest [main] пїЅпїЅпїЅпїЅпїЅпїЅпїЅ пїЅпїЅпїЅпїЅпїЅпїЅпїЅпїЅпїЅпїЅ
2022-07-29 00:13:28,930 INFO CookieTest [main] env = chrome
2022-07-29 00:13:29,461 INFO WebDriverFactory2 [main] Р”СЂР°Р№РІРµСЂ РґР»СЏ Google Chrome
2022-07-29 00:13:31,073 INFO CookieTest [main] Р”СЂР°Р№РІРµСЂ Р·Р°РїСѓС‰РµРЅ
2022-07-29 00:13:40,280 INFO CookieTest [main] Browser Window Height: 876
2022-07-29 00:13:40,296 INFO CookieTest [main] Browser Window Width: 1616
2022-07-29 00:13:50,308 INFO CookieTest [main] Р”СЂР°Р№РІРµСЂ СЃС‚Р°СЂС‚РѕРІР°Р»
2022-07-29 00:13:50,308 INFO CookieTest [main] DNS вЂ“ РёРЅС‚РµСЂРЅРµС‚ РјР°РіР°Р·РёРЅ С†РёС„СЂРѕРІРѕР№ Рё Р±С‹С‚РѕРІРѕР№ С‚РµС…РЅРёРєРё РїРѕ РґРѕСЃС‚СѓРїРЅС‹Рј С†РµРЅР°Рј.
2022-07-29 00:13:50,308 INFO CookieTest [main] https://www.dns-shop.ru/
2022-07-29 00:13:52,819 INFO CookieTest [main] РўРµРєСѓС‰Р°СЏ РєР°С‚РµРіРѕСЂРёСЏ - РўРµС…РЅРёРєР° РґР»СЏ РєСѓС…РЅРё
2022-07-29 00:13:52,842 INFO CookieTest [main] РўРµРєСѓС‰Р°СЏ РєР°С‚РµРіРѕСЂРёСЏ - РўРµС…РЅРёРєР° РґР»СЏ РґРѕРјР°
2022-07-29 00:13:52,856 INFO CookieTest [main] РўРµРєСѓС‰Р°СЏ РєР°С‚РµРіРѕСЂРёСЏ - РљСЂР°СЃРѕС‚Р° Рё Р·РґРѕСЂРѕРІСЊРµ
2022-07-29 00:13:53,414 INFO CookieTest [main] Р”СЂР°Р№РІРµСЂ РѕСЃС‚Р°РЅРѕРІР»РµРЅ
2022-07-29 00:26:23,038 INFO CookieTest [main] env = chrome
2022-07-29 00:26:23,570 INFO WebDriverFactory2 [main] Р”СЂР°Р№РІРµСЂ РґР»СЏ Google Chrome
2022-07-29 00:26:25,115 INFO CookieTest [main] Р”СЂР°Р№РІРµСЂ Р·Р°РїСѓС‰РµРЅ
2022-07-29 00:26:33,752 INFO CookieTest [main] Browser Window Height: 876
2022-07-29 00:26:33,768 INFO CookieTest [main] Browser Window Width: 1616
2022-07-29 00:26:43,779 INFO CookieTest [main] Р”СЂР°Р№РІРµСЂ СЃС‚Р°СЂС‚РѕРІР°Р»
2022-07-29 00:26:43,800 INFO CookieTest [main] DNS вЂ“ РёРЅС‚РµСЂРЅРµС‚ РјР°РіР°Р·РёРЅ С†РёС„СЂРѕРІРѕР№ Рё Р±С‹С‚РѕРІРѕР№ С‚РµС…РЅРёРєРё РїРѕ РґРѕСЃС‚СѓРїРЅС‹Рј С†РµРЅР°Рј.
2022-07-29 00:26:43,807 INFO CookieTest [main] https://www.dns-shop.ru/
2022-07-29 00:26:47,159 INFO CookieTest [main] РўРµРєСѓС‰Р°СЏ РєР°С‚РµРіРѕСЂРёСЏ - РўРµС…РЅРёРєР° РґР»СЏ РєСѓС…РЅРё
2022-07-29 00:26:47,245 INFO CookieTest [main] РўРµРєСѓС‰Р°СЏ РєР°С‚РµРіРѕСЂРёСЏ - РўРµС…РЅРёРєР° РґР»СЏ РґРѕРјР°
2022-07-29 00:26:47,263 INFO CookieTest [main] РўРµРєСѓС‰Р°СЏ РєР°С‚РµРіРѕСЂРёСЏ - РљСЂР°СЃРѕС‚Р° Рё Р·РґРѕСЂРѕРІСЊРµ
2022-07-29 00:26:47,657 INFO CookieTest [main] Р”СЂР°Р№РІРµСЂ РѕСЃС‚Р°РЅРѕРІР»РµРЅ
2022-07-29 00:35:03,978 INFO CookieTest [main] env = chrome
2022-07-29 00:35:04,509 INFO WebDriverFactory2 [main] Р”СЂР°Р№РІРµСЂ РґР»СЏ Google Chrome
2022-07-29 00:35:07,045 INFO CookieTest [main] Р”СЂР°Р№РІРµСЂ Р·Р°РїСѓС‰РµРЅ
2022-07-29 00:35:13,496 INFO CookieTest [main] Browser Window Height: 876
2022-07-29 00:35:13,501 INFO CookieTest [main] Browser Window Width: 1616
2022-07-29 00:35:23,504 INFO CookieTest [main] Р”СЂР°Р№РІРµСЂ СЃС‚Р°СЂС‚РѕРІР°Р»
2022-07-29 00:35:23,526 INFO CookieTest [main] DNS вЂ“ РёРЅС‚РµСЂРЅРµС‚ РјР°РіР°Р·РёРЅ С†РёС„СЂРѕРІРѕР№ Рё Р±С‹С‚РѕРІРѕР№ С‚РµС…РЅРёРєРё РїРѕ РґРѕСЃС‚СѓРїРЅС‹Рј С†РµРЅР°Рј.
2022-07-29 00:35:23,544 INFO CookieTest [main] https://www.dns-shop.ru/
2022-07-29 00:35:26,082 INFO CookieTest [main] РўРµРєСѓС‰Р°СЏ РєР°С‚РµРіРѕСЂРёСЏ - РўРµС…РЅРёРєР° РґР»СЏ РєСѓС…РЅРё
2022-07-29 00:35:26,095 INFO CookieTest [main] РўРµРєСѓС‰Р°СЏ РєР°С‚РµРіРѕСЂРёСЏ - РўРµС…РЅРёРєР° РґР»СЏ РґРѕРјР°
2022-07-29 00:35:26,107 INFO CookieTest [main] РўРµРєСѓС‰Р°СЏ РєР°С‚РµРіРѕСЂРёСЏ - РљСЂР°СЃРѕС‚Р° Рё Р·РґРѕСЂРѕРІСЊРµ
2022-07-29 00:35:26,298 INFO CookieTest [main] Р”СЂР°Р№РІРµСЂ РѕСЃС‚Р°РЅРѕРІР»РµРЅ
2022-07-29 00:41:28,892 INFO CookieTest [main] env = chrome
2022-07-29 00:41:29,444 INFO WebDriverFactory2 [main] Р”СЂР°Р№РІРµСЂ РґР»СЏ Google Chrome
2022-07-29 00:41:32,390 INFO CookieTest [main] Р”СЂР°Р№РІРµСЂ Р·Р°РїСѓС‰РµРЅ
2022-07-29 00:41:39,223 INFO CookieTest [main] Browser Window Height: 876
2022-07-29 00:41:39,233 INFO CookieTest [main] Browser Window Width: 1616
2022-07-29 00:41:39,234 INFO CookieTest [main] Р”СЂР°Р№РІРµСЂ СЃС‚Р°СЂС‚РѕРІР°Р»
2022-07-29 00:41:39,234 INFO CookieTest [main] Р”РѕР±Р°РІР»РµРЅРЅС‹Рµ РєСѓРєРё
2022-07-29 00:41:39,267 INFO CookieTest [main] Domain: www.dns-shop.ru
2022-07-29 00:41:39,267 INFO CookieTest [main] Expiry: null
2022-07-29 00:41:39,267 INFO CookieTest [main] Name: Cookie 1
2022-07-29 00:41:39,267 INFO CookieTest [main] Path: /
2022-07-29 00:41:39,268 INFO CookieTest [main] Value: This is cookie 1
2022-07-29 00:41:39,268 INFO CookieTest [main] --------------------------------------
2022-07-29 00:41:39,282 INFO CookieTest [main] DNS вЂ“ РёРЅС‚РµСЂРЅРµС‚ РјР°РіР°Р·РёРЅ С†РёС„СЂРѕРІРѕР№ Рё Р±С‹С‚РѕРІРѕР№ С‚РµС…РЅРёРєРё РїРѕ РґРѕСЃС‚СѓРїРЅС‹Рј С†РµРЅР°Рј.
2022-07-29 00:41:39,287 INFO CookieTest [main] https://www.dns-shop.ru/
2022-07-29 00:41:41,959 INFO CookieTest [main] РўРµРєСѓС‰Р°СЏ РєР°С‚РµРіРѕСЂРёСЏ - РўРµС…РЅРёРєР° РґР»СЏ РєСѓС…РЅРё
2022-07-29 00:41:41,971 INFO CookieTest [main] РўРµРєСѓС‰Р°СЏ РєР°С‚РµРіРѕСЂРёСЏ - РўРµС…РЅРёРєР° РґР»СЏ РґРѕРјР°
2022-07-29 00:41:41,984 INFO CookieTest [main] РўРµРєСѓС‰Р°СЏ РєР°С‚РµРіРѕСЂРёСЏ - РљСЂР°СЃРѕС‚Р° Рё Р·РґРѕСЂРѕРІСЊРµ
2022-07-29 00:41:52,231 INFO CookieTest [main] Р”СЂР°Р№РІРµСЂ РѕСЃС‚Р°РЅРѕРІР»РµРЅ
2022-07-29 00:43:32,326 INFO CookieTest [main] env = chrome
2022-07-29 00:43:32,889 INFO WebDriverFactory2 [main] Р”СЂР°Р№РІРµСЂ РґР»СЏ Google Chrome
2022-07-29 00:43:37,498 INFO CookieTest [main] Р”СЂР°Р№РІРµСЂ Р·Р°РїСѓС‰РµРЅ
2022-07-29 00:43:42,878 INFO CookieTest [main] Browser Window Height: 876
2022-07-29 00:43:42,884 INFO CookieTest [main] Browser Window Width: 1616
2022-07-29 00:43:42,885 INFO CookieTest [main] Р”СЂР°Р№РІРµСЂ СЃС‚Р°СЂС‚РѕРІР°Р»
2022-07-29 00:43:42,885 INFO CookieTest [main] Р”РѕР±Р°РІР»РµРЅРЅС‹Рµ РєСѓРєРё
2022-07-29 00:43:42,914 INFO CookieTest [main] Domain: www.dns-shop.ru
2022-07-29 00:43:42,914 INFO CookieTest [main] Expiry: null
2022-07-29 00:43:42,914 INFO CookieTest [main] Name: Cookie 1
2022-07-29 00:43:42,914 INFO CookieTest [main] Path: /
2022-07-29 00:43:42,914 INFO CookieTest [main] Value: This is cookie 1
2022-07-29 00:43:42,915 INFO CookieTest [main] --------------------------------------
2022-07-29 00:43:42,921 INFO CookieTest [main] DNS вЂ“ РёРЅС‚РµСЂРЅРµС‚ РјР°РіР°Р·РёРЅ С†РёС„СЂРѕРІРѕР№ Рё Р±С‹С‚РѕРІРѕР№ С‚РµС…РЅРёРєРё РїРѕ РґРѕСЃС‚СѓРїРЅС‹Рј С†РµРЅР°Рј.
2022-07-29 00:43:42,930 INFO CookieTest [main] https://www.dns-shop.ru/
2022-07-29 00:43:45,141 INFO CookieTest [main] РўРµРєСѓС‰Р°СЏ РєР°С‚РµРіРѕСЂРёСЏ - РўРµС…РЅРёРєР° РґР»СЏ РєСѓС…РЅРё
2022-07-29 00:43:45,163 INFO CookieTest [main] РўРµРєСѓС‰Р°СЏ РєР°С‚РµРіРѕСЂРёСЏ - РўРµС…РЅРёРєР° РґР»СЏ РґРѕРјР°
2022-07-29 00:43:45,189 INFO CookieTest [main] РўРµРєСѓС‰Р°СЏ РєР°С‚РµРіРѕСЂРёСЏ - РљСЂР°СЃРѕС‚Р° Рё Р·РґРѕСЂРѕРІСЊРµ
2022-07-29 00:43:45,491 INFO CookieTest [main] Р”СЂР°Р№РІРµСЂ РѕСЃС‚Р°РЅРѕРІР»РµРЅ
